C:\Program Files (x86)\Microsoft Visual Studio\2017\Enterprise\Common7\IDE\VC\VCTargets\Microsoft.CppClean.targets(76,5): warning : 对路径“d:\work\code\netfxmock\dotnetprofiler\debug\dotnetprofiler.dll”的访问被拒绝。
  Processing .\DotNetProfiler.idl
  DotNetProfiler.idl
  Processing C:\Program Files (x86)\Windows Kits\10\Include\10.0.17763.0\um\oaidl.idl
  oaidl.idl
  Processing C:\Program Files (x86)\Windows Kits\10\Include\10.0.17763.0\um\objidl.idl
  objidl.idl
  Processing C:\Program Files (x86)\Windows Kits\10\Include\10.0.17763.0\um\unknwn.idl
  unknwn.idl
  Processing C:\Program Files (x86)\Windows Kits\10\Include\10.0.17763.0\shared\wtypes.idl
  wtypes.idl
  Processing C:\Program Files (x86)\Windows Kits\10\Include\10.0.17763.0\shared\wtypesbase.idl
  wtypesbase.idl
  Processing C:\Program Files (x86)\Windows Kits\10\Include\10.0.17763.0\shared\basetsd.h
  basetsd.h
  Processing C:\Program Files (x86)\Windows Kits\10\Include\10.0.17763.0\shared\guiddef.h
  guiddef.h
  Processing C:\Program Files (x86)\Windows Kits\10\Include\10.0.17763.0\um\ocidl.idl
  ocidl.idl
  Processing C:\Program Files (x86)\Windows Kits\10\Include\10.0.17763.0\um\oleidl.idl
  oleidl.idl
  Processing C:\Program Files (x86)\Windows Kits\10\Include\10.0.17763.0\um\servprov.idl
  servprov.idl
  Processing C:\Program Files (x86)\Windows Kits\10\Include\10.0.17763.0\um\urlmon.idl
  urlmon.idl
  Processing C:\Program Files (x86)\Windows Kits\10\Include\10.0.17763.0\um\msxml.idl
  msxml.idl
  Processing C:\Program Files (x86)\Windows Kits\10\Include\10.0.17763.0\um\shobjidl.idl
  shobjidl.idl
  Processing C:\Program Files (x86)\Windows Kits\10\Include\10.0.17763.0\um\docobj.idl
  docobj.idl
  Processing C:\Program Files (x86)\Windows Kits\10\Include\10.0.17763.0\um\shtypes.idl
  shtypes.idl
  Processing C:\Program Files (x86)\Windows Kits\10\Include\10.0.17763.0\um\comcat.idl
  comcat.idl
  Processing C:\Program Files (x86)\Windows Kits\10\Include\10.0.17763.0\um\propidl.idl
  propidl.idl
  Processing C:\Program Files (x86)\Windows Kits\10\Include\10.0.17763.0\um\prsht.idl
  prsht.idl
  Processing C:\Program Files (x86)\Windows Kits\10\Include\10.0.17763.0\um\propsys.idl
  propsys.idl
  Processing C:\Program Files (x86)\Windows Kits\10\Include\10.0.17763.0\um\StructuredQueryCondition.idl
  StructuredQueryCondition.idl
  Processing C:\Program Files (x86)\Windows Kits\10\Include\10.0.17763.0\um\ObjectArray.idl
  ObjectArray.idl
  Processing C:\Program Files (x86)\Windows Kits\10\Include\10.0.17763.0\um\shobjidl_core.idl
  shobjidl_core.idl
  Processing C:\Program Files (x86)\Windows Kits\10\Include\10.0.17763.0\um\oaidl.acf
  oaidl.acf
  Processing C:\Program Files (x86)\Windows Kits\10\Include\10.0.17763.0\um\ocidl.acf
  ocidl.acf
  stdafx.cpp
  CorProfilerCallbackImpl.cpp
  DotNetProfiler.cpp
  FunctionInfo.cpp
  Profiler.cpp
  ProfilingUtils.cpp
  正在生成代码...
  dllmain.cpp
  DotNetProfiler_i.c
C:\Program Files (x86)\Microsoft Visual Studio\2017\Enterprise\Common7\IDE\VC\VCTargets\Microsoft.CppCommon.targets(720,5): error MSB6006: “link.exe”已退出，代码为 1104。
LINK : fatal error LNK1104: 无法打开文件“D:\work\code\NetFxMock\DotNetProfiler\Debug\DotNetProfiler.dll”
