d:\work\code\netfxmock\dotnetprofiler\dotnetprofiler\debug\dotnetprofiler.pch
d:\work\code\netfxmock\dotnetprofiler\dotnetprofiler\debug\vc141.pdb
d:\work\code\netfxmock\dotnetprofiler\dotnetprofiler\debug\vc141.idb
d:\work\code\netfxmock\dotnetprofiler\dotnetprofiler\debug\stdafx.obj
d:\work\code\netfxmock\dotnetprofiler\dotnetprofiler\debug\profilingutils.obj
d:\work\code\netfxmock\dotnetprofiler\dotnetprofiler\debug\profiler.obj
d:\work\code\netfxmock\dotnetprofiler\dotnetprofiler\debug\functioninfo.obj
d:\work\code\netfxmock\dotnetprofiler\dotnetprofiler\debug\dotnetprofiler.obj
d:\work\code\netfxmock\dotnetprofiler\dotnetprofiler\debug\corprofilercallbackimpl.obj
d:\work\code\netfxmock\dotnetprofiler\dotnetprofiler\debug\dllmain.obj
d:\work\code\netfxmock\dotnetprofiler\dotnetprofiler\debug\dotnetprofiler_i.obj
d:\work\code\netfxmock\debug\dotnetprofiler.lib
d:\work\code\netfxmock\debug\dotnetprofiler.exp
d:\work\code\netfxmock\debug\dotnetprofiler.ilk
d:\work\code\netfxmock\debug\dotnetprofiler.dll
d:\work\code\netfxmock\debug\dotnetprofiler.pdb
d:\work\code\netfxmock\dotnetprofiler\dotnetprofiler\debug\dotnetprofiler.tlb
d:\work\code\netfxmock\dotnetprofiler\dotnetprofiler\dotnetprofiler_p.c
d:\work\code\netfxmock\dotnetprofiler\dotnetprofiler\dotnetprofiler_i.c
d:\work\code\netfxmock\dotnetprofiler\dotnetprofiler\dotnetprofiler_i.h
d:\work\code\netfxmock\dotnetprofiler\dotnetprofiler\debug\dotnetprofiler.res
d:\work\code\netfxmock\dotnetprofiler\dotnetprofiler\debug\dotnetprofiler.tlog\cl.command.1.tlog
d:\work\code\netfxmock\dotnetprofiler\dotnetprofiler\debug\dotnetprofiler.tlog\cl.read.1.tlog
d:\work\code\netfxmock\dotnetprofiler\dotnetprofiler\debug\dotnetprofiler.tlog\cl.write.1.tlog
d:\work\code\netfxmock\dotnetprofiler\dotnetprofiler\debug\dotnetprofiler.tlog\dotnetprofiler.write.1u.tlog
d:\work\code\netfxmock\dotnetprofiler\dotnetprofiler\debug\dotnetprofiler.tlog\link.command.1.tlog
d:\work\code\netfxmock\dotnetprofiler\dotnetprofiler\debug\dotnetprofiler.tlog\link.read.1.tlog
d:\work\code\netfxmock\dotnetprofiler\dotnetprofiler\debug\dotnetprofiler.tlog\link.write.1.tlog
d:\work\code\netfxmock\dotnetprofiler\dotnetprofiler\debug\dotnetprofiler.tlog\midl.command.1.tlog
d:\work\code\netfxmock\dotnetprofiler\dotnetprofiler\debug\dotnetprofiler.tlog\midl.read.1.tlog
d:\work\code\netfxmock\dotnetprofiler\dotnetprofiler\debug\dotnetprofiler.tlog\midl.write.1.tlog
d:\work\code\netfxmock\dotnetprofiler\dotnetprofiler\debug\dotnetprofiler.tlog\rc.command.1.tlog
d:\work\code\netfxmock\dotnetprofiler\dotnetprofiler\debug\dotnetprofiler.tlog\rc.read.1.tlog
d:\work\code\netfxmock\dotnetprofiler\dotnetprofiler\debug\dotnetprofiler.tlog\rc.write.1.tlog
